<?xml version="1.0" encoding="UTF-8"?>
<coverage generated="1677857095434" clover="3.2.0">
  <project timestamp="1677857095434" name="All files">
    <metrics statements="53" coveredstatements="46" conditionals="14" coveredconditionals="9" methods="22" coveredmethods="18" elements="89" coveredelements="73" complexity="0" loc="53" ncloc="53" packages="5" files="9" classes="9"/>
    <package name="namReact">
      <metrics statements="3" coveredstatements="3" conditionals="0" coveredconditionals="0" methods="0" coveredmethods="0"/>
      <file name="constants.js" path="C:\Users\nisha\OneDrive\Documents\namReact\constants.js">
        <metrics statements="3" coveredstatements="3" conditionals="0" coveredconditionals="0" methods="0" coveredmethods="0"/>
        <line num="1" count="2" type="stmt"/>
        <line num="3" count="2" type="stmt"/>
        <line num="2044" count="2" type="stmt"/>
      </file>
    </package>
    <package name="namReact.src">
      <metrics statements="1" coveredstatements="1" conditionals="0" coveredconditionals="0" methods="1" coveredmethods="1"/>
      <file name="sum.js" path="C:\Users\nisha\OneDrive\Documents\namReact\src\sum.js">
        <metrics statements="1" coveredstatements="1" conditionals="0" coveredconditionals="0" methods="1" coveredmethods="1"/>
        <line num="1" count="1" type="stmt"/>
      </file>
    </package>
    <package name="namReact.src.components">
      <metrics statements="41" coveredstatements="37" conditionals="14" coveredconditionals="9" methods="17" coveredmethods="16"/>
      <file name="Body.js" path="C:\Users\nisha\OneDrive\Documents\namReact\src\components\Body.js">
        <metrics statements="22" coveredstatements="19" conditionals="6" coveredconditionals="4" methods="8" coveredmethods="8"/>
        <line num="8" count="1" type="stmt"/>
        <line num="9" count="8" type="stmt"/>
        <line num="10" count="7" type="stmt"/>
        <line num="11" count="7" type="stmt"/>
        <line num="12" count="7" type="stmt"/>
        <line num="15" count="7" type="stmt"/>
        <line num="21" count="3" type="stmt"/>
        <line num="22" count="3" type="stmt"/>
        <line num="24" count="0" type="stmt"/>
        <line num="31" count="3" type="stmt"/>
        <line num="32" count="3" type="stmt"/>
        <line num="33" count="3" type="stmt"/>
        <line num="34" count="3" type="stmt"/>
        <line num="35" count="48" type="stmt"/>
        <line num="37" count="48" type="stmt"/>
        <line num="39" count="0" type="stmt"/>
        <line num="46" count="7" type="cond" truecount="1" falsecount="1"/>
        <line num="47" count="0" type="stmt"/>
        <line num="49" count="7" type="cond" truecount="2" falsecount="0"/>
        <line num="53" count="1" type="stmt"/>
        <line num="54" count="1" type="stmt"/>
        <line num="58" count="52" type="stmt"/>
      </file>
      <file name="Header.js" path="C:\Users\nisha\OneDrive\Documents\namReact\src\components\Header.js">
        <metrics statements="6" coveredstatements="5" conditionals="6" coveredconditionals="3" methods="3" coveredmethods="2"/>
        <line num="6" count="2" type="stmt"/>
        <line num="7" count="6" type="stmt"/>
        <line num="8" count="6" type="stmt"/>
        <line num="11" count="8" type="stmt"/>
        <line num="12" count="6" type="stmt"/>
        <line num="33" count="0" type="cond" truecount="1" falsecount="1"/>
      </file>
      <file name="RestaurantMenu.js" path="C:\Users\nisha\OneDrive\Documents\namReact\src\components\RestaurantMenu.js">
        <metrics statements="10" coveredstatements="10" conditionals="2" coveredconditionals="2" methods="4" coveredmethods="4"/>
        <line num="8" count="1" type="stmt"/>
        <line num="9" count="4" type="stmt"/>
        <line num="10" count="6" type="stmt"/>
        <line num="11" count="4" type="stmt"/>
        <line num="13" count="4" type="stmt"/>
        <line num="14" count="4" type="stmt"/>
        <line num="16" count="4" type="stmt"/>
        <line num="19" count="4" type="cond" truecount="2" falsecount="0"/>
        <line num="37" count="297" type="stmt"/>
        <line num="39" count="2" type="stmt"/>
      </file>
      <file name="Shimmer.js" path="C:\Users\nisha\OneDrive\Documents\namReact\src\components\Shimmer.js">
        <metrics statements="3" coveredstatements="3" conditionals="0" coveredconditionals="0" methods="2" coveredmethods="2"/>
        <line num="2" count="2" type="stmt"/>
        <line num="4" count="4" type="stmt"/>
        <line num="9" count="40" type="stmt"/>
      </file>
    </package>
    <package name="namReact.src.mocks">
      <metrics statements="1" coveredstatements="1" conditionals="0" coveredconditionals="0" methods="0" coveredmethods="0"/>
      <file name="dummyLogo.js" path="C:\Users\nisha\OneDrive\Documents\namReact\src\mocks\dummyLogo.js">
        <metrics statements="1" coveredstatements="1" conditionals="0" coveredconditionals="0" methods="0" coveredmethods="0"/>
        <line num="1" count="2" type="stmt"/>
      </file>
    </package>
    <package name="namReact.src.utils">
      <metrics statements="7" coveredstatements="4" conditionals="0" coveredconditionals="0" methods="4" coveredmethods="1"/>
      <file name="cartSlice.js" path="C:\Users\nisha\OneDrive\Documents\namReact\src\utils\cartSlice.js">
        <metrics statements="6" coveredstatements="3" conditionals="0" coveredconditionals="0" methods="4" coveredmethods="1"/>
        <line num="3" count="3" type="stmt"/>
        <line num="10" count="2" type="stmt"/>
        <line num="13" count="0" type="stmt"/>
        <line num="14" count="0" type="stmt"/>
        <line num="17" count="0" type="stmt"/>
        <line num="22" count="3" type="stmt"/>
      </file>
      <file name="store.js" path="C:\Users\nisha\OneDrive\Documents\namReact\src\utils\store.js">
        <metrics statements="1" coveredstatements="1" conditionals="0" coveredconditionals="0" methods="0" coveredmethods="0"/>
        <line num="3" count="3" type="stmt"/>
      </file>
    </package>
  </project>
</coverage>
