{"C:\\Users\\nisha\\OneDrive\\Documents\\namReact\\constants.js": {"path":"C:\\Users\\nisha\\OneDrive\\Documents\\namReact\\constants.js","statementMap":{"0":{"start":{"line":1,"column":25},"end":{"line":1,"column":116}},"1":{"start":{"line":3,"column":30},"end":{"line":2042,"column":1}},"2":{"start":{"line":2044,"column":23},"end":{"line":6385,"column":1}}},"fnMap":{},"branchMap":{},"s":{"0":2,"1":2,"2":2},"f":{},"b":{},"_coverageSchema":"1a1c01bbd47fc00a2c39e90264f33305004495a9","hash":"61097819cae28141ccea8514e18d21b45466ca70"}
,"C:\\Users\\nisha\\OneDrive\\Documents\\namReact\\src\\sum.js": {"path":"C:\\Users\\nisha\\OneDrive\\Documents\\namReact\\src\\sum.js","statementMap":{"0":{"start":{"line":1,"column":17},"end":{"line":1,"column":27}},"1":{"start":{"line":1,"column":24},"end":{"line":1,"column":27}}},"fnMap":{"0":{"name":"(anonymous_0)","decl":{"start":{"line":1,"column":17},"end":{"line":1,"column":18}},"loc":{"start":{"line":1,"column":24},"end":{"line":1,"column":27}},"line":1}},"branchMap":{},"s":{"0":1,"1":1},"f":{"0":1},"b":{},"_coverageSchema":"1a1c01bbd47fc00a2c39e90264f33305004495a9","hash":"871e94f0b2cdb61592502ce4ed2d737b9b7f9c45"}
,"C:\\Users\\nisha\\OneDrive\\Documents\\namReact\\src\\components\\Body.js": {"path":"C:\\Users\\nisha\\OneDrive\\Documents\\namReact\\src\\components\\Body.js","statementMap":{"0":{"start":{"line":8,"column":13},"end":{"line":63,"column":1}},"1":{"start":{"line":9,"column":25},"end":{"line":9,"column":37}},"2":{"start":{"line":10,"column":45},"end":{"line":10,"column":57}},"3":{"start":{"line":11,"column":61},"end":{"line":11,"column":73}},"4":{"start":{"line":12,"column":23},"end":{"line":12,"column":34}},"5":{"start":{"line":15,"column":4},"end":{"line":28,"column":9}},"6":{"start":{"line":21,"column":6},"end":{"line":25,"column":7}},"7":{"start":{"line":22,"column":8},"end":{"line":22,"column":18}},"8":{"start":{"line":24,"column":8},"end":{"line":24,"column":60}},"9":{"start":{"line":31,"column":6},"end":{"line":40,"column":7}},"10":{"start":{"line":32,"column":19},"end":{"line":32,"column":203}},"11":{"start":{"line":33,"column":23},"end":{"line":33,"column":40}},"12":{"start":{"line":34,"column":8},"end":{"line":34,"column":45}},"13":{"start":{"line":35,"column":8},"end":{"line":35,"column":90}},"14":{"start":{"line":35,"column":60},"end":{"line":35,"column":88}},"15":{"start":{"line":37,"column":8},"end":{"line":37,"column":98}},"16":{"start":{"line":37,"column":68},"end":{"line":37,"column":96}},"17":{"start":{"line":39,"column":8},"end":{"line":39,"column":59}},"18":{"start":{"line":46,"column":4},"end":{"line":47,"column":39}},"19":{"start":{"line":47,"column":6},"end":{"line":47,"column":39}},"20":{"start":{"line":49,"column":2},"end":{"line":62,"column":4}},"21":{"start":{"line":53,"column":137},"end":{"line":53,"column":160}},"22":{"start":{"line":54,"column":118},"end":{"line":54,"column":181}},"23":{"start":{"line":58,"column":5},"end":{"line":58,"column":154}}},"fnMap":{"0":{"name":"(anonymous_0)","decl":{"start":{"line":8,"column":13},"end":{"line":8,"column":14}},"loc":{"start":{"line":8,"column":19},"end":{"line":63,"column":1}},"line":8},"1":{"name":"(anonymous_1)","decl":{"start":{"line":15,"column":14},"end":{"line":15,"column":15}},"loc":{"start":{"line":15,"column":18},"end":{"line":28,"column":5}},"line":15},"2":{"name":"loadData","decl":{"start":{"line":30,"column":19},"end":{"line":30,"column":27}},"loc":{"start":{"line":30,"column":29},"end":{"line":43,"column":7}},"line":30},"3":{"name":"(anonymous_3)","decl":{"start":{"line":35,"column":54},"end":{"line":35,"column":55}},"loc":{"start":{"line":35,"column":60},"end":{"line":35,"column":88}},"line":35},"4":{"name":"(anonymous_4)","decl":{"start":{"line":37,"column":62},"end":{"line":37,"column":63}},"loc":{"start":{"line":37,"column":68},"end":{"line":37,"column":96}},"line":37},"5":{"name":"(anonymous_5)","decl":{"start":{"line":53,"column":132},"end":{"line":53,"column":133}},"loc":{"start":{"line":53,"column":137},"end":{"line":53,"column":160}},"line":53},"6":{"name":"(anonymous_6)","decl":{"start":{"line":54,"column":113},"end":{"line":54,"column":114}},"loc":{"start":{"line":54,"column":118},"end":{"line":54,"column":181}},"line":54},"7":{"name":"(anonymous_7)","decl":{"start":{"line":57,"column":94},"end":{"line":57,"column":95}},"loc":{"start":{"line":58,"column":5},"end":{"line":58,"column":154}},"line":58}},"branchMap":{"0":{"loc":{"start":{"line":46,"column":4},"end":{"line":47,"column":39}},"type":"if","locations":[{"start":{"line":46,"column":4},"end":{"line":47,"column":39}},{"start":{},"end":{}}],"line":46},"1":{"loc":{"start":{"line":49,"column":9},"end":{"line":62,"column":3}},"type":"cond-expr","locations":[{"start":{"line":49,"column":35},"end":{"line":49,"column":46}},{"start":{"line":50,"column":4},"end":{"line":61,"column":5}}],"line":49},"2":{"loc":{"start":{"line":57,"column":7},"end":{"line":59,"column":8}},"type":"cond-expr","locations":[{"start":{"line":57,"column":41},"end":{"line":57,"column":66}},{"start":{"line":57,"column":67},"end":{"line":59,"column":8}}],"line":57}},"s":{"0":1,"1":8,"2":7,"3":7,"4":7,"5":7,"6":3,"7":3,"8":0,"9":3,"10":3,"11":3,"12":3,"13":3,"14":48,"15":3,"16":48,"17":0,"18":7,"19":0,"20":7,"21":1,"22":1,"23":52},"f":{"0":8,"1":3,"2":3,"3":48,"4":48,"5":1,"6":1,"7":52},"b":{"0":[0,7],"1":[3,4],"2":[0,4]},"_coverageSchema":"1a1c01bbd47fc00a2c39e90264f33305004495a9","hash":"80ae414551bb9c1ff4f01db24fe18b3362f477d6"}
,"C:\\Users\\nisha\\OneDrive\\Documents\\namReact\\src\\components\\Header.js": {"path":"C:\\Users\\nisha\\OneDrive\\Documents\\namReact\\src\\components\\Header.js","statementMap":{"0":{"start":{"line":6,"column":15},"end":{"line":38,"column":1}},"1":{"start":{"line":7,"column":36},"end":{"line":7,"column":51}},"2":{"start":{"line":8,"column":18},"end":{"line":8,"column":29}},"3":{"start":{"line":11,"column":19},"end":{"line":11,"column":62}},"4":{"start":{"line":11,"column":38},"end":{"line":11,"column":61}},"5":{"start":{"line":12,"column":2},"end":{"line":37,"column":4}},"6":{"start":{"line":33,"column":84},"end":{"line":33,"column":110}}},"fnMap":{"0":{"name":"(anonymous_0)","decl":{"start":{"line":6,"column":15},"end":{"line":6,"column":16}},"loc":{"start":{"line":6,"column":21},"end":{"line":38,"column":1}},"line":6},"1":{"name":"(anonymous_1)","decl":{"start":{"line":11,"column":31},"end":{"line":11,"column":32}},"loc":{"start":{"line":11,"column":38},"end":{"line":11,"column":61}},"line":11},"2":{"name":"(anonymous_2)","decl":{"start":{"line":33,"column":80},"end":{"line":33,"column":81}},"loc":{"start":{"line":33,"column":84},"end":{"line":33,"column":110}},"line":33}},"branchMap":{"0":{"loc":{"start":{"line":27,"column":46},"end":{"line":27,"column":89}},"type":"cond-expr","locations":[{"start":{"line":27,"column":55},"end":{"line":27,"column":71}},{"start":{"line":27,"column":72},"end":{"line":27,"column":89}}],"line":27},"1":{"loc":{"start":{"line":27,"column":92},"end":{"line":27,"column":110}},"type":"cond-expr","locations":[{"start":{"line":27,"column":101},"end":{"line":27,"column":105}},{"start":{"line":27,"column":106},"end":{"line":27,"column":110}}],"line":27},"2":{"loc":{"start":{"line":33,"column":113},"end":{"line":33,"column":140}},"type":"cond-expr","locations":[{"start":{"line":33,"column":124},"end":{"line":33,"column":132}},{"start":{"line":33,"column":133},"end":{"line":33,"column":140}}],"line":33}},"s":{"0":2,"1":6,"2":6,"3":6,"4":8,"5":6,"6":0},"f":{"0":6,"1":8,"2":0},"b":{"0":[6,0],"1":[6,0],"2":[0,6]},"_coverageSchema":"1a1c01bbd47fc00a2c39e90264f33305004495a9","hash":"11a6c0f97acea4ec2e29181b693464f6cf21e78e"}
,"C:\\Users\\nisha\\OneDrive\\Documents\\namReact\\src\\components\\RestaurantMenu.js": {"path":"C:\\Users\\nisha\\OneDrive\\Documents\\namReact\\src\\components\\RestaurantMenu.js","statementMap":{"0":{"start":{"line":8,"column":23},"end":{"line":48,"column":1}},"1":{"start":{"line":9,"column":17},"end":{"line":9,"column":30}},"2":{"start":{"line":10,"column":18},"end":{"line":10,"column":54}},"3":{"start":{"line":10,"column":37},"end":{"line":10,"column":53}},"4":{"start":{"line":11,"column":2},"end":{"line":11,"column":38}},"5":{"start":{"line":13,"column":17},"end":{"line":13,"column":28}},"6":{"start":{"line":14,"column":17},"end":{"line":14,"column":23}},"7":{"start":{"line":16,"column":23},"end":{"line":16,"column":40}},"8":{"start":{"line":19,"column":2},"end":{"line":47,"column":4}},"9":{"start":{"line":37,"column":12},"end":{"line":42,"column":18}},"10":{"start":{"line":39,"column":57},"end":{"line":39,"column":80}}},"fnMap":{"0":{"name":"(anonymous_0)","decl":{"start":{"line":8,"column":23},"end":{"line":8,"column":24}},"loc":{"start":{"line":8,"column":29},"end":{"line":48,"column":1}},"line":8},"1":{"name":"(anonymous_1)","decl":{"start":{"line":10,"column":30},"end":{"line":10,"column":31}},"loc":{"start":{"line":10,"column":37},"end":{"line":10,"column":53}},"line":10},"2":{"name":"(anonymous_2)","decl":{"start":{"line":36,"column":58},"end":{"line":36,"column":59}},"loc":{"start":{"line":36,"column":68},"end":{"line":43,"column":11}},"line":36},"3":{"name":"(anonymous_3)","decl":{"start":{"line":39,"column":53},"end":{"line":39,"column":54}},"loc":{"start":{"line":39,"column":57},"end":{"line":39,"column":80}},"line":39}},"branchMap":{"0":{"loc":{"start":{"line":19,"column":9},"end":{"line":47,"column":3}},"type":"cond-expr","locations":[{"start":{"line":20,"column":4},"end":{"line":20,"column":15}},{"start":{"line":22,"column":4},"end":{"line":46,"column":10}}],"line":19}},"s":{"0":1,"1":4,"2":4,"3":6,"4":4,"5":4,"6":4,"7":4,"8":4,"9":297,"10":2},"f":{"0":4,"1":6,"2":297,"3":2},"b":{"0":[1,3]},"_coverageSchema":"1a1c01bbd47fc00a2c39e90264f33305004495a9","hash":"fe486652899e22cfd3c779d461544893e12f4d95"}
,"C:\\Users\\nisha\\OneDrive\\Documents\\namReact\\src\\components\\Shimmer.js": {"path":"C:\\Users\\nisha\\OneDrive\\Documents\\namReact\\src\\components\\Shimmer.js","statementMap":{"0":{"start":{"line":2,"column":14},"end":{"line":15,"column":1}},"1":{"start":{"line":4,"column":0},"end":{"line":14,"column":1}},"2":{"start":{"line":9,"column":8},"end":{"line":9,"column":53}}},"fnMap":{"0":{"name":"(anonymous_0)","decl":{"start":{"line":2,"column":14},"end":{"line":2,"column":15}},"loc":{"start":{"line":2,"column":18},"end":{"line":15,"column":1}},"line":2},"1":{"name":"(anonymous_1)","decl":{"start":{"line":8,"column":30},"end":{"line":8,"column":31}},"loc":{"start":{"line":9,"column":8},"end":{"line":9,"column":53}},"line":9}},"branchMap":{},"s":{"0":2,"1":4,"2":40},"f":{"0":4,"1":40},"b":{},"_coverageSchema":"1a1c01bbd47fc00a2c39e90264f33305004495a9","hash":"e1389aa1ffb5a4ebf1250e485882e33ddc9b1109"}
,"C:\\Users\\nisha\\OneDrive\\Documents\\namReact\\src\\mocks\\dummyLogo.js": {"path":"C:\\Users\\nisha\\OneDrive\\Documents\\namReact\\src\\mocks\\dummyLogo.js","statementMap":{"0":{"start":{"line":1,"column":17},"end":{"line":1,"column":24}}},"fnMap":{},"branchMap":{},"s":{"0":2},"f":{},"b":{},"_coverageSchema":"1a1c01bbd47fc00a2c39e90264f33305004495a9","hash":"592efe6fa55523c72e363bde2497f455f1d44aee"}
,"C:\\Users\\nisha\\OneDrive\\Documents\\namReact\\src\\utils\\cartSlice.js": {"path":"C:\\Users\\nisha\\OneDrive\\Documents\\namReact\\src\\utils\\cartSlice.js","statementMap":{"0":{"start":{"line":3,"column":16},"end":{"line":20,"column":2}},"1":{"start":{"line":10,"column":12},"end":{"line":10,"column":44}},"2":{"start":{"line":13,"column":31},"end":{"line":13,"column":82}},"3":{"start":{"line":13,"column":55},"end":{"line":13,"column":81}},"4":{"start":{"line":14,"column":12},"end":{"line":14,"column":36}},"5":{"start":{"line":17,"column":12},"end":{"line":17,"column":26}},"6":{"start":{"line":22,"column":44},"end":{"line":22,"column":61}}},"fnMap":{"0":{"name":"(anonymous_0)","decl":{"start":{"line":9,"column":16},"end":{"line":9,"column":17}},"loc":{"start":{"line":9,"column":32},"end":{"line":11,"column":9}},"line":9},"1":{"name":"(anonymous_1)","decl":{"start":{"line":12,"column":19},"end":{"line":12,"column":20}},"loc":{"start":{"line":12,"column":35},"end":{"line":15,"column":9}},"line":12},"2":{"name":"(anonymous_2)","decl":{"start":{"line":13,"column":50},"end":{"line":13,"column":51}},"loc":{"start":{"line":13,"column":55},"end":{"line":13,"column":81}},"line":13},"3":{"name":"(anonymous_3)","decl":{"start":{"line":16,"column":18},"end":{"line":16,"column":19}},"loc":{"start":{"line":16,"column":27},"end":{"line":18,"column":9}},"line":16}},"branchMap":{},"s":{"0":3,"1":2,"2":0,"3":0,"4":0,"5":0,"6":3},"f":{"0":2,"1":0,"2":0,"3":0},"b":{},"_coverageSchema":"1a1c01bbd47fc00a2c39e90264f33305004495a9","hash":"1f2693b9481a51a1289e3948436ea477ab7d1c0f"}
,"C:\\Users\\nisha\\OneDrive\\Documents\\namReact\\src\\utils\\store.js": {"path":"C:\\Users\\nisha\\OneDrive\\Documents\\namReact\\src\\utils\\store.js","statementMap":{"0":{"start":{"line":3,"column":12},"end":{"line":8,"column":2}}},"fnMap":{},"branchMap":{},"s":{"0":3},"f":{},"b":{},"_coverageSchema":"1a1c01bbd47fc00a2c39e90264f33305004495a9","hash":"d9cd72f9eb18af807d1ae9daab953506927b4650"}
}
