TN:
SF:constants.js
FNF:0
FNH:0
DA:1,2
DA:3,2
DA:2044,2
LF:3
LH:3
BRF:0
BRH:0
end_of_record
TN:
SF:src\sum.js
FN:1,(anonymous_0)
FNF:1
FNH:1
FNDA:1,(anonymous_0)
DA:1,1
LF:1
LH:1
BRF:0
BRH:0
end_of_record
TN:
SF:src\components\Body.js
FN:8,(anonymous_0)
FN:15,(anonymous_1)
FN:30,loadData
FN:35,(anonymous_3)
FN:37,(anonymous_4)
FN:53,(anonymous_5)
FN:54,(anonymous_6)
FN:57,(anonymous_7)
FNF:8
FNH:8
FNDA:8,(anonymous_0)
FNDA:3,(anonymous_1)
FNDA:3,loadData
FNDA:48,(anonymous_3)
FNDA:48,(anonymous_4)
FNDA:1,(anonymous_5)
FNDA:1,(anonymous_6)
FNDA:52,(anonymous_7)
DA:8,1
DA:9,8
DA:10,7
DA:11,7
DA:12,7
DA:15,7
DA:21,3
DA:22,3
DA:24,0
DA:31,3
DA:32,3
DA:33,3
DA:34,3
DA:35,48
DA:37,48
DA:39,0
DA:46,7
DA:47,0
DA:49,7
DA:53,1
DA:54,1
DA:58,52
LF:22
LH:19
BRDA:46,0,0,0
BRDA:46,0,1,7
BRDA:49,1,0,3
BRDA:49,1,1,4
BRDA:57,2,0,0
BRDA:57,2,1,4
BRF:6
BRH:4
end_of_record
TN:
SF:src\components\Header.js
FN:6,(anonymous_0)
FN:11,(anonymous_1)
FN:33,(anonymous_2)
FNF:3
FNH:2
FNDA:6,(anonymous_0)
FNDA:8,(anonymous_1)
FNDA:0,(anonymous_2)
DA:6,2
DA:7,6
DA:8,6
DA:11,8
DA:12,6
DA:33,0
LF:6
LH:5
BRDA:27,0,0,6
BRDA:27,0,1,0
BRDA:27,1,0,6
BRDA:27,1,1,0
BRDA:33,2,0,0
BRDA:33,2,1,6
BRF:6
BRH:3
end_of_record
TN:
SF:src\components\RestaurantMenu.js
FN:8,(anonymous_0)
FN:10,(anonymous_1)
FN:36,(anonymous_2)
FN:39,(anonymous_3)
FNF:4
FNH:4
FNDA:4,(anonymous_0)
FNDA:6,(anonymous_1)
FNDA:297,(anonymous_2)
FNDA:2,(anonymous_3)
DA:8,1
DA:9,4
DA:10,6
DA:11,4
DA:13,4
DA:14,4
DA:16,4
DA:19,4
DA:37,297
DA:39,2
LF:10
LH:10
BRDA:19,0,0,1
BRDA:19,0,1,3
BRF:2
BRH:2
end_of_record
TN:
SF:src\components\Shimmer.js
FN:2,(anonymous_0)
FN:8,(anonymous_1)
FNF:2
FNH:2
FNDA:4,(anonymous_0)
FNDA:40,(anonymous_1)
DA:2,2
DA:4,4
DA:9,40
LF:3
LH:3
BRF:0
BRH:0
end_of_record
TN:
SF:src\mocks\dummyLogo.js
FNF:0
FNH:0
DA:1,2
LF:1
LH:1
BRF:0
BRH:0
end_of_record
TN:
SF:src\utils\cartSlice.js
FN:9,(anonymous_0)
FN:12,(anonymous_1)
FN:13,(anonymous_2)
FN:16,(anonymous_3)
FNF:4
FNH:1
FNDA:2,(anonymous_0)
FNDA:0,(anonymous_1)
FNDA:0,(anonymous_2)
FNDA:0,(anonymous_3)
DA:3,3
DA:10,2
DA:13,0
DA:14,0
DA:17,0
DA:22,3
LF:6
LH:3
BRF:0
BRH:0
end_of_record
TN:
SF:src\utils\store.js
FNF:0
FNH:0
DA:3,3
LF:1
LH:1
BRF:0
BRH:0
end_of_record
